[debug] [2023-05-25T01:22:22.503Z] ----------------------------------------------------------------------
[debug] [2023-05-25T01:22:22.505Z] Command:       C:\Program Files\nodejs\node.exe C:\Users\CycleWs\AppData\Roaming\npm\node_modules\firebase-tools\lib\bin\firebase.js init
[debug] [2023-05-25T01:22:22.506Z] CLI Version:   12.2.1
[debug] [2023-05-25T01:22:22.506Z] Platform:      win32
[debug] [2023-05-25T01:22:22.506Z] Node Version:  v16.16.0
[debug] [2023-05-25T01:22:22.508Z] Time:          Wed May 24 2023 22:22:22 GMT-0300 (Brasilia Standard Time)
[debug] [2023-05-25T01:22:22.508Z] ----------------------------------------------------------------------
[debug] 
[debug] [2023-05-25T01:22:22.598Z] > command requires scopes: ["email","openid","https://www.googleapis.com/auth/cloudplatformprojects.readonly","https://www.googleapis.com/auth/firebase","https://www.googleapis.com/auth/cloud-platform"]
[debug] [2023-05-25T01:22:22.599Z] > authorizing via signed-in user (joaohlspj@gmail.com)
[info] 
     ######## #### ########  ######## ########     ###     ######  ########
     ##        ##  ##     ## ##       ##     ##  ##   ##  ##       ##
     ######    ##  ########  ######   ########  #########  ######  ######
     ##        ##  ##    ##  ##       ##     ## ##     ##       ## ##
     ##       #### ##     ## ######## ########  ##     ##  ######  ########

You're about to initialize a Firebase project in this directory:

  C:\Users\CycleWs\Desktop\Github\spotifytracker\spotify

Before we get started, keep in mind:

  * You are initializing within an existing Firebase project directory

